\BOOKMARK [1][-]{section.1}{Research\040\040Interests}{}% 1
\BOOKMARK [1][-]{section.2}{Education}{}% 2
\BOOKMARK [2][-]{section*.1}{University of Orléans}{section.2}% 3
\BOOKMARK [2][-]{section*.2}{University of Orléans}{section.2}% 4
\BOOKMARK [2][-]{section*.3}{Ecole Polytechnique of University of Orléans}{section.2}% 5
\BOOKMARK [2][-]{section*.4}{Beijing\040Institute\040of\040Technology}{section.2}% 6
\BOOKMARK [1][-]{section.3}{Professional\040\040Experience}{}% 7
\BOOKMARK [2][-]{section*.5}{ATTILA\040Gestion}{section.3}% 8
\BOOKMARK [2][-]{section*.6}{University of Orléans, Laboratory PRISME}{section.3}% 9
\BOOKMARK [2][-]{section*.7}{eContent Store Sàrl}{section.3}% 10
\BOOKMARK [1][-]{section.4}{Selected\040\040Projects}{}% 11
\BOOKMARK [2][-]{section*.8}{iOS\040application\040RestauRank}{section.4}% 12
\BOOKMARK [2][-]{section*.9}{Archaeological\040ceramic\040shards\040segmentation\040by\040CNN}{section.4}% 13
\BOOKMARK [2][-]{section*.10}{Interactive\040real-time\040earthquake\040map}{section.4}% 14
\BOOKMARK [2][-]{section*.11}{Sound\040localization\040system\040on\040microphone\040array}{section.4}% 15
\BOOKMARK [1][-]{section.5}{Skills}{}% 16
\BOOKMARK [1][-]{section.6}{Awards}{}% 17
\BOOKMARK [1][-]{section.7}{Publications}{}% 18
\BOOKMARK [1][-]{section.8}{Talks}{}% 19
\BOOKMARK [1][-]{section.9}{Other\040\040Experience}{}% 20
\BOOKMARK [1][-]{section.10}{Hobbies}{}% 21
